
Compiling cpp/task-1...
main.cpp: In function ‘int main()’:
main.cpp:30:11: warning: ignoring return value of ‘int fscanf(FILE*, const char*, ...)’, declared with attribute warn_unused_result [-Wunused-result]
   30 |     fscanf(fin, "%d%d", &n, &m);
      |     ~~~~~~^~~~~~~~~~~~~~~~~~~~~
main.cpp:32:15: warning: ignoring return value of ‘int fscanf(FILE*, const char*, ...)’, declared with attribute warn_unused_result [-Wunused-result]
   32 |         fscanf(fin, "%d%d%d", &x, &y, &z);
      |         ~~~~~~^~~~~~~~~~~~~~~~~~~~~~~~~~~
========================================
Running cpp/task-1...
========================================
Running cpp/task-1...
========================================
Running cpp/task-1...
========================================
Running cpp/task-1...
========================================
Running cpp/task-1...
========================================
Running cpp/task-1...
========================================
Running cpp/task-1...
========================================
Running cpp/task-1...
========================================
Running cpp/task-1...
========================================
Running cpp/task-1...
========================================
