
Compiling cpp/task-1...
g++: error: main.cpp: No such file or directory
g++: fatal error: no input files
compilation terminated.
========================================
Compiling cpp/task-1...
g++: error: main.cpp: No such file or directory
g++: fatal error: no input files
compilation terminated.
========================================
Compiling cpp/task-1...
g++: error: main.cpp: No such file or directory
g++: fatal error: no input files
compilation terminated.
========================================
Compiling cpp/task-1...
g++: error: main.cpp: No such file or directory
g++: fatal error: no input files
compilation terminated.
========================================
Compiling cpp/task-1...
g++: error: main.cpp: No such file or directory
g++: fatal error: no input files
compilation terminated.
========================================
Compiling cpp/task-1...
g++: error: main.cpp: No such file or directory
g++: fatal error: no input files
compilation terminated.
========================================
Compiling cpp/task-1...
g++: error: main.cpp: No such file or directory
g++: fatal error: no input files
compilation terminated.
========================================
Compiling cpp/task-1...
g++: error: main.cpp: No such file or directory
g++: fatal error: no input files
compilation terminated.
========================================
Compiling cpp/task-1...
g++: error: main.cpp: No such file or directory
g++: fatal error: no input files
compilation terminated.
========================================
Compiling cpp/task-1...
g++: error: main.cpp: No such file or directory
g++: fatal error: no input files
compilation terminated.
========================================
