
Compiling cpp/task-1...
main.cpp: In function ‘int main()’:
main.cpp:26:10: warning: ignoring return value of ‘FILE* freopen(const char*, const char*, FILE*)’, declared with attribute warn_unused_result [-Wunused-result]
   26 |   freopen("in", "r", stdin);
      |   ~~~~~~~^~~~~~~~~~~~~~~~~~
main.cpp:27:10: warning: ignoring return value of ‘FILE* freopen(const char*, const char*, FILE*)’, declared with attribute warn_unused_result [-Wunused-result]
   27 |   freopen("out", "w", stdout);
      |   ~~~~~~~^~~~~~~~~~~~~~~~~~~~
========================================
Running cpp/task-1...
========================================
Running cpp/task-1...
========================================
Running cpp/task-1...
========================================
Running cpp/task-1...
========================================
Running cpp/task-1...
========================================
Running cpp/task-1...
========================================
Running cpp/task-1...
========================================
Running cpp/task-1...
========================================
Running cpp/task-1...
========================================
Running cpp/task-1...
========================================
Running cpp/task-2...
========================================
Running cpp/task-2...
========================================
Running cpp/task-2...
========================================
Running cpp/task-2...
========================================
Running cpp/task-2...
========================================
Running cpp/task-2...
========================================
Running cpp/task-2...
========================================
Running cpp/task-2...
./tests/base_check.sh: line 36:  6368 Alarm clock             perl -e 'alarm shift; exec @ARGV' "$@"
========================================
Running cpp/task-2...
./tests/base_check.sh: line 36:  6372 Alarm clock             perl -e 'alarm shift; exec @ARGV' "$@"
========================================
Running cpp/task-2...
./tests/base_check.sh: line 36:  6376 Alarm clock             perl -e 'alarm shift; exec @ARGV' "$@"
========================================
